<?xml version="1.0" encoding="UTF-8"?>
<!-- Generated by org.testng.reporters.JUnitReportReporter -->
<testsuite hostname="abc" name="com.pagelibrary.com.ranfordbank.TestExecution" tests="8" failures="0" timestamp="24 Jan 2019 18:14:42 GMT" time="79.469" errors="0">
  <testcase name="verify_lunch" time="52.032" classname="com.pagelibrary.com.ranfordbank.TestExecution"/>
  <testcase name="varify_branches" time="1.766" classname="com.pagelibrary.com.ranfordbank.TestExecution"/>
  <testcase name="varify_newRole" time="4.113" classname="com.pagelibrary.com.ranfordbank.TestExecution"/>
  <testcase name="varify_newEmp" time="9.403" classname="com.pagelibrary.com.ranfordbank.TestExecution"/>
  <testcase name="varify_newBranch" time="9.989" classname="com.pagelibrary.com.ranfordbank.TestExecution"/>
  <testcase name="varify_role" time="0.369" classname="com.pagelibrary.com.ranfordbank.TestExecution"/>
  <testcase name="varify_login" time="1.365" classname="com.pagelibrary.com.ranfordbank.TestExecution"/>
  <testcase name="varify_emp" time="0.432" classname="com.pagelibrary.com.ranfordbank.TestExecution"/>
</testsuite> <!-- com.pagelibrary.com.ranfordbank.TestExecution -->
